Build started 9/22/2014 5:23:52 PM.
     1>Project "C:\Users\bryson.au\Desktop\Pong\AIE Year1 Framework VS2013\AIE Template.vcxproj" on node 2 (Build target(s)).
     1>ClCompile:
         C:\Program Files (x86)\Microsoft Visual Studio 12.0\VC\bin\CL.exe /c /I./ /I./include/ /ZI /nologo /W3 /WX- /Od /Oy- /D WIN32 /D _DEBUG /D _WINDOWS /D _MBCS /Gm /EHsc /RTC1 /MDd /GS /fp:precise /Zc:wchar_t /Zc:forScope /Fo"obj\\" /Fd"obj\vc120.pdb" /Gd /TP /analyze- /errorReport:prompt source\main.cpp
         main.cpp
     1>c:\users\bryson.au\desktop\pong\aie year1 framework vs2013\source\main.cpp(39): warning C4244: 'initializing' : conversion from 'double' to 'float', possible loss of data
     1>c:\users\bryson.au\desktop\pong\aie year1 framework vs2013\source\main.cpp(40): warning C4244: 'initializing' : conversion from 'double' to 'float', possible loss of data
     1>c:\users\bryson.au\desktop\pong\aie year1 framework vs2013\source\main.cpp(55): warning C4244: 'initializing' : conversion from 'double' to 'float', possible loss of data
     1>c:\users\bryson.au\desktop\pong\aie year1 framework vs2013\source\main.cpp(56): warning C4244: 'initializing' : conversion from 'double' to 'float', possible loss of data
     1>c:\users\bryson.au\desktop\pong\aie year1 framework vs2013\source\main.cpp(66): warning C4244: 'initializing' : conversion from 'double' to 'float', possible loss of data
     1>c:\users\bryson.au\desktop\pong\aie year1 framework vs2013\source\main.cpp(81): warning C4244: 'argument' : conversion from 'float' to 'int', possible loss of data
     1>c:\users\bryson.au\desktop\pong\aie year1 framework vs2013\source\main.cpp(82): warning C4244: '=' : conversion from 'double' to 'float', possible loss of data
     1>c:\users\bryson.au\desktop\pong\aie year1 framework vs2013\source\main.cpp(83): warning C4244: '=' : conversion from 'double' to 'float', possible loss of data
     1>c:\users\bryson.au\desktop\pong\aie year1 framework vs2013\source\main.cpp(88): warning C4244: 'argument' : conversion from 'float' to 'int', possible loss of data
     1>c:\users\bryson.au\desktop\pong\aie year1 framework vs2013\source\main.cpp(89): warning C4244: '=' : conversion from 'double' to 'float', possible loss of data
     1>c:\users\bryson.au\desktop\pong\aie year1 framework vs2013\source\main.cpp(90): warning C4244: '=' : conversion from 'double' to 'float', possible loss of data
     1>c:\users\bryson.au\desktop\pong\aie year1 framework vs2013\source\main.cpp(95): warning C4244: 'argument' : conversion from 'float' to 'int', possible loss of data
     1>c:\users\bryson.au\desktop\pong\aie year1 framework vs2013\source\main.cpp(96): warning C4244: '=' : conversion from 'double' to 'float', possible loss of data
     1>c:\users\bryson.au\desktop\pong\aie year1 framework vs2013\source\main.cpp(97): warning C4244: '=' : conversion from 'double' to 'float', possible loss of data
     1>c:\users\bryson.au\desktop\pong\aie year1 framework vs2013\source\main.cpp(98): warning C4244: '=' : conversion from 'double' to 'float', possible loss of data
     1>c:\users\bryson.au\desktop\pong\aie year1 framework vs2013\source\main.cpp(99): warning C4244: '=' : conversion from 'double' to 'float', possible loss of data
     1>c:\users\bryson.au\desktop\pong\aie year1 framework vs2013\source\main.cpp(103): warning C4244: 'argument' : conversion from 'float' to 'int', possible loss of data
     1>c:\users\bryson.au\desktop\pong\aie year1 framework vs2013\source\main.cpp(104): warning C4244: '=' : conversion from 'double' to 'float', possible loss of data
     1>c:\users\bryson.au\desktop\pong\aie year1 framework vs2013\source\main.cpp(105): warning C4244: '=' : conversion from 'double' to 'float', possible loss of data
     1>c:\users\bryson.au\desktop\pong\aie year1 framework vs2013\source\main.cpp(110): warning C4244: 'argument' : conversion from 'float' to 'int', possible loss of data
     1>c:\users\bryson.au\desktop\pong\aie year1 framework vs2013\source\main.cpp(111): warning C4244: '=' : conversion from 'double' to 'float', possible loss of data
     1>c:\users\bryson.au\desktop\pong\aie year1 framework vs2013\source\main.cpp(112): warning C4244: '=' : conversion from 'double' to 'float', possible loss of data
     1>c:\users\bryson.au\desktop\pong\aie year1 framework vs2013\source\main.cpp(131): warning C4996: 'itoa': The POSIX name for this item is deprecated. Instead, use the ISO C++ conformant name: _itoa. See online help for details.
                 c:\program files (x86)\microsoft visual studio 12.0\vc\include\stdlib.h(937) : see declaration of 'itoa'
     1>c:\users\bryson.au\desktop\pong\aie year1 framework vs2013\source\main.cpp(132): warning C4996: 'itoa': The POSIX name for this item is deprecated. Instead, use the ISO C++ conformant name: _itoa. See online help for details.
                 c:\program files (x86)\microsoft visual studio 12.0\vc\include\stdlib.h(937) : see declaration of 'itoa'
     1>c:\users\bryson.au\desktop\pong\aie year1 framework vs2013\source\main.cpp(133): warning C4996: 'itoa': The POSIX name for this item is deprecated. Instead, use the ISO C++ conformant name: _itoa. See online help for details.
                 c:\program files (x86)\microsoft visual studio 12.0\vc\include\stdlib.h(937) : see declaration of 'itoa'
     1>c:\users\bryson.au\desktop\pong\aie year1 framework vs2013\source\main.cpp(134): warning C4996: 'itoa': The POSIX name for this item is deprecated. Instead, use the ISO C++ conformant name: _itoa. See online help for details.
                 c:\program files (x86)\microsoft visual studio 12.0\vc\include\stdlib.h(937) : see declaration of 'itoa'
     1>c:\users\bryson.au\desktop\pong\aie year1 framework vs2013\source\main.cpp(139): warning C4244: 'argument' : conversion from 'double' to 'int', possible loss of data
     1>c:\users\bryson.au\desktop\pong\aie year1 framework vs2013\source\main.cpp(140): warning C4244: 'argument' : conversion from 'double' to 'int', possible loss of data
     1>c:\users\bryson.au\desktop\pong\aie year1 framework vs2013\source\main.cpp(141): warning C4244: 'argument' : conversion from 'double' to 'int', possible loss of data
     1>c:\users\bryson.au\desktop\pong\aie year1 framework vs2013\source\main.cpp(142): warning C4244: 'argument' : conversion from 'double' to 'int', possible loss of data
     1>c:\users\bryson.au\desktop\pong\aie year1 framework vs2013\source\main.cpp(162): warning C4244: '=' : conversion from 'double' to 'float', possible loss of data
     1>c:\users\bryson.au\desktop\pong\aie year1 framework vs2013\source\main.cpp(163): warning C4244: '=' : conversion from 'double' to 'float', possible loss of data
     1>c:\users\bryson.au\desktop\pong\aie year1 framework vs2013\source\main.cpp(164): warning C4244: '=' : conversion from 'double' to 'float', possible loss of data
     1>c:\users\bryson.au\desktop\pong\aie year1 framework vs2013\source\main.cpp(165): warning C4244: '=' : conversion from 'double' to 'float', possible loss of data
     1>c:\users\bryson.au\desktop\pong\aie year1 framework vs2013\source\main.cpp(167): warning C4244: '=' : conversion from 'double' to 'float', possible loss of data
     1>c:\users\bryson.au\desktop\pong\aie year1 framework vs2013\source\main.cpp(168): warning C4244: '=' : conversion from 'double' to 'float', possible loss of data
     1>c:\users\bryson.au\desktop\pong\aie year1 framework vs2013\source\main.cpp(169): warning C4244: '=' : conversion from 'double' to 'float', possible loss of data
     1>c:\users\bryson.au\desktop\pong\aie year1 framework vs2013\source\main.cpp(170): warning C4244: '=' : conversion from 'double' to 'float', possible loss of data
     1>c:\users\bryson.au\desktop\pong\aie year1 framework vs2013\source\main.cpp(172): warning C4244: '=' : conversion from 'double' to 'float', possible loss of data
     1>c:\users\bryson.au\desktop\pong\aie year1 framework vs2013\source\main.cpp(173): warning C4244: '=' : conversion from 'double' to 'float', possible loss of data
     1>c:\users\bryson.au\desktop\pong\aie year1 framework vs2013\source\main.cpp(174): warning C4244: '=' : conversion from 'double' to 'float', possible loss of data
     1>c:\users\bryson.au\desktop\pong\aie year1 framework vs2013\source\main.cpp(175): warning C4244: '=' : conversion from 'double' to 'float', possible loss of data
     1>c:\users\bryson.au\desktop\pong\aie year1 framework vs2013\source\main.cpp(177): warning C4244: '=' : conversion from 'double' to 'float', possible loss of data
     1>c:\users\bryson.au\desktop\pong\aie year1 framework vs2013\source\main.cpp(178): warning C4244: '=' : conversion from 'double' to 'float', possible loss of data
     1>c:\users\bryson.au\desktop\pong\aie year1 framework vs2013\source\main.cpp(179): warning C4244: '=' : conversion from 'double' to 'float', possible loss of data
     1>c:\users\bryson.au\desktop\pong\aie year1 framework vs2013\source\main.cpp(180): warning C4244: '=' : conversion from 'double' to 'float', possible loss of data
     1>c:\users\bryson.au\desktop\pong\aie year1 framework vs2013\source\main.cpp(182): warning C4244: '=' : conversion from 'double' to 'float', possible loss of data
     1>c:\users\bryson.au\desktop\pong\aie year1 framework vs2013\source\main.cpp(183): warning C4244: '=' : conversion from 'double' to 'float', possible loss of data
     1>c:\users\bryson.au\desktop\pong\aie year1 framework vs2013\source\main.cpp(184): warning C4244: '=' : conversion from 'double' to 'float', possible loss of data
     1>c:\users\bryson.au\desktop\pong\aie year1 framework vs2013\source\main.cpp(185): warning C4244: '=' : conversion from 'double' to 'float', possible loss of data
     1>c:\users\bryson.au\desktop\pong\aie year1 framework vs2013\source\main.cpp(187): warning C4244: 'argument' : conversion from 'double' to 'float', possible loss of data
     1>c:\users\bryson.au\desktop\pong\aie year1 framework vs2013\source\main.cpp(190): warning C4244: 'argument' : conversion from 'double' to 'float', possible loss of data
     1>c:\users\bryson.au\desktop\pong\aie year1 framework vs2013\source\main.cpp(203): warning C4244: 'argument' : conversion from 'double' to 'int', possible loss of data
     1>c:\users\bryson.au\desktop\pong\aie year1 framework vs2013\source\main.cpp(204): warning C4244: 'argument' : conversion from 'double' to 'int', possible loss of data
     1>c:\users\bryson.au\desktop\pong\aie year1 framework vs2013\source\main.cpp(218): warning C4244: '=' : conversion from 'double' to 'float', possible loss of data
     1>c:\users\bryson.au\desktop\pong\aie year1 framework vs2013\source\main.cpp(231): warning C4244: '=' : conversion from 'double' to 'float', possible loss of data
     1>c:\users\bryson.au\desktop\pong\aie year1 framework vs2013\source\main.cpp(240): warning C4244: '=' : conversion from 'double' to 'float', possible loss of data
     1>c:\users\bryson.au\desktop\pong\aie year1 framework vs2013\source\main.cpp(245): warning C4244: '=' : conversion from 'double' to 'float', possible loss of data
     1>c:\users\bryson.au\desktop\pong\aie year1 framework vs2013\source\main.cpp(254): warning C4244: '=' : conversion from 'double' to 'float', possible loss of data
     1>c:\users\bryson.au\desktop\pong\aie year1 framework vs2013\source\main.cpp(255): warning C4244: '=' : conversion from 'double' to 'float', possible loss of data
     1>c:\users\bryson.au\desktop\pong\aie year1 framework vs2013\source\main.cpp(262): warning C4244: '=' : conversion from 'double' to 'float', possible loss of data
     1>c:\users\bryson.au\desktop\pong\aie year1 framework vs2013\source\main.cpp(263): warning C4244: '=' : conversion from 'double' to 'float', possible loss of data
     1>c:\users\bryson.au\desktop\pong\aie year1 framework vs2013\source\main.cpp(271): warning C4244: '=' : conversion from 'double' to 'float', possible loss of data
     1>c:\users\bryson.au\desktop\pong\aie year1 framework vs2013\source\main.cpp(279): warning C4244: '=' : conversion from 'double' to 'float', possible loss of data
     1>c:\users\bryson.au\desktop\pong\aie year1 framework vs2013\source\main.cpp(287): warning C4244: '=' : conversion from 'double' to 'float', possible loss of data
     1>c:\users\bryson.au\desktop\pong\aie year1 framework vs2013\source\main.cpp(295): warning C4244: '=' : conversion from 'double' to 'float', possible loss of data
     1>c:\users\bryson.au\desktop\pong\aie year1 framework vs2013\source\main.cpp(325): warning C4244: 'argument' : conversion from 'double' to 'int', possible loss of data
     1>c:\users\bryson.au\desktop\pong\aie year1 framework vs2013\source\main.cpp(326): warning C4244: 'argument' : conversion from 'double' to 'int', possible loss of data
     1>c:\users\bryson.au\desktop\pong\aie year1 framework vs2013\source\main.cpp(337): warning C4244: 'argument' : conversion from 'double' to 'int', possible loss of data
     1>c:\users\bryson.au\desktop\pong\aie year1 framework vs2013\source\main.cpp(338): warning C4244: 'argument' : conversion from 'double' to 'int', possible loss of data
     1>c:\users\bryson.au\desktop\pong\aie year1 framework vs2013\source\main.cpp(339): warning C4244: 'argument' : conversion from 'double' to 'int', possible loss of data
     1>c:\users\bryson.au\desktop\pong\aie year1 framework vs2013\source\main.cpp(351): warning C4244: 'argument' : conversion from 'double' to 'int', possible loss of data
     1>c:\users\bryson.au\desktop\pong\aie year1 framework vs2013\source\main.cpp(352): warning C4244: 'argument' : conversion from 'double' to 'int', possible loss of data
     1>c:\users\bryson.au\desktop\pong\aie year1 framework vs2013\source\main.cpp(353): warning C4244: 'argument' : conversion from 'double' to 'int', possible loss of data
       Link:
         C:\Program Files (x86)\Microsoft Visual Studio 12.0\VC\bin\link.exe /ERRORREPORT:PROMPT /OUT:"bin\AIE Template_d.exe" /INCREMENTAL /NOLOGO /LIBPATH:./libs AIE_1st_Year_Framework_d.lib kernel32.lib kernel32.lib user32.lib gdi32.lib winspool.lib comdlg32.lib advapi32.lib shell32.lib ole32.lib oleaut32.lib uuid.lib odbc32.lib odbccp32.lib /MANIFEST /MANIFESTUAC:"level='asInvoker' uiAccess='false'" /manifest:embed /DEBUG /PDB:"bin\AIE Template_d.pdb" /TLBID:1 /DYNAMICBASE /NXCOMPAT /IMPLIB:"bin\AIE Template_d.lib" /MACHINE:X86 obj\main.obj
         AIE_1st_Year_Framework_d.lib(SOIL.obj) : MSIL .netmodule or module compiled with /GL found; restarting link with /LTCG; add /LTCG to the link command line to improve linker performance
     1>LINK : warning LNK4075: ignoring '/INCREMENTAL' due to '/LTCG' specification
     1>main.obj : warning LNK4075: ignoring '/EDITANDCONTINUE' due to '/OPT:LBR' specification
     1>LINK : warning LNK4098: defaultlib 'LIBCMT' conflicts with use of other libs; use /NODEFAULTLIB:library
     1>LINK : warning LNK4098: defaultlib 'MSVCRT' conflicts with use of other libs; use /NODEFAULTLIB:library
         Generating code
         Finished generating code
     1>AIE_1st_Year_Framework_d.lib(SOIL.obj) : warning LNK4099: PDB 'vc110.pdb' was not found with 'AIE_1st_Year_Framework_d.lib(SOIL.obj)' or at 'C:\Users\bryson.au\Desktop\Pong\AIE Year1 Framework VS2013\bin\vc110.pdb'; linking object as if no debug info
     1>AIE_1st_Year_Framework_d.lib(stb_image_aug.obj) : warning LNK4099: PDB 'vc110.pdb' was not found with 'AIE_1st_Year_Framework_d.lib(stb_image_aug.obj)' or at 'C:\Users\bryson.au\Desktop\Pong\AIE Year1 Framework VS2013\bin\vc110.pdb'; linking object as if no debug info
     1>AIE_1st_Year_Framework_d.lib(image_helper.obj) : warning LNK4099: PDB 'vc110.pdb' was not found with 'AIE_1st_Year_Framework_d.lib(image_helper.obj)' or at 'C:\Users\bryson.au\Desktop\Pong\AIE Year1 Framework VS2013\bin\vc110.pdb'; linking object as if no debug info
     1>AIE_1st_Year_Framework_d.lib(image_DXT.obj) : warning LNK4099: PDB 'vc110.pdb' was not found with 'AIE_1st_Year_Framework_d.lib(image_DXT.obj)' or at 'C:\Users\bryson.au\Desktop\Pong\AIE Year1 Framework VS2013\bin\vc110.pdb'; linking object as if no debug info
     1>AIE_1st_Year_Framework_d.lib(tinystr.obj) : warning LNK4099: PDB 'vc120.pdb' was not found with 'AIE_1st_Year_Framework_d.lib(tinystr.obj)' or at 'C:\Users\bryson.au\Desktop\Pong\AIE Year1 Framework VS2013\bin\vc120.pdb'; linking object as if no debug info
     1>AIE_1st_Year_Framework_d.lib(tinyxml.obj) : warning LNK4099: PDB 'vc120.pdb' was not found with 'AIE_1st_Year_Framework_d.lib(tinyxml.obj)' or at 'C:\Users\bryson.au\Desktop\Pong\AIE Year1 Framework VS2013\bin\vc120.pdb'; linking object as if no debug info
     1>AIE_1st_Year_Framework_d.lib(tinyxmlerror.obj) : warning LNK4099: PDB 'vc120.pdb' was not found with 'AIE_1st_Year_Framework_d.lib(tinyxmlerror.obj)' or at 'C:\Users\bryson.au\Desktop\Pong\AIE Year1 Framework VS2013\bin\vc120.pdb'; linking object as if no debug info
     1>AIE_1st_Year_Framework_d.lib(tinyxmlHelper.obj) : warning LNK4099: PDB 'vc120.pdb' was not found with 'AIE_1st_Year_Framework_d.lib(tinyxmlHelper.obj)' or at 'C:\Users\bryson.au\Desktop\Pong\AIE Year1 Framework VS2013\bin\vc120.pdb'; linking object as if no debug info
     1>AIE_1st_Year_Framework_d.lib(tinyxmlparser.obj) : warning LNK4099: PDB 'vc120.pdb' was not found with 'AIE_1st_Year_Framework_d.lib(tinyxmlparser.obj)' or at 'C:\Users\bryson.au\Desktop\Pong\AIE Year1 Framework VS2013\bin\vc120.pdb'; linking object as if no debug info
     1>AIE_1st_Year_Framework_d.lib(AIE.obj) : warning LNK4099: PDB 'vc120.pdb' was not found with 'AIE_1st_Year_Framework_d.lib(AIE.obj)' or at 'C:\Users\bryson.au\Desktop\Pong\AIE Year1 Framework VS2013\bin\vc120.pdb'; linking object as if no debug info
     1>AIE_1st_Year_Framework_d.lib(AIE_Framework.obj) : warning LNK4099: PDB 'vc120.pdb' was not found with 'AIE_1st_Year_Framework_d.lib(AIE_Framework.obj)' or at 'C:\Users\bryson.au\Desktop\Pong\AIE Year1 Framework VS2013\bin\vc120.pdb'; linking object as if no debug info
     1>AIE_1st_Year_Framework_d.lib(BasicSprite.obj) : warning LNK4099: PDB 'vc120.pdb' was not found with 'AIE_1st_Year_Framework_d.lib(BasicSprite.obj)' or at 'C:\Users\bryson.au\Desktop\Pong\AIE Year1 Framework VS2013\bin\vc120.pdb'; linking object as if no debug info
     1>AIE_1st_Year_Framework_d.lib(Font.obj) : warning LNK4099: PDB 'vc120.pdb' was not found with 'AIE_1st_Year_Framework_d.lib(Font.obj)' or at 'C:\Users\bryson.au\Desktop\Pong\AIE Year1 Framework VS2013\bin\vc120.pdb'; linking object as if no debug info
     1>AIE_1st_Year_Framework_d.lib(FontManager.obj) : warning LNK4099: PDB 'vc120.pdb' was not found with 'AIE_1st_Year_Framework_d.lib(FontManager.obj)' or at 'C:\Users\bryson.au\Desktop\Pong\AIE Year1 Framework VS2013\bin\vc120.pdb'; linking object as if no debug info
     1>AIE_1st_Year_Framework_d.lib(Gizmos.obj) : warning LNK4099: PDB 'vc120.pdb' was not found with 'AIE_1st_Year_Framework_d.lib(Gizmos.obj)' or at 'C:\Users\bryson.au\Desktop\Pong\AIE Year1 Framework VS2013\bin\vc120.pdb'; linking object as if no debug info
     1>AIE_1st_Year_Framework_d.lib(SpriteManager.obj) : warning LNK4099: PDB 'vc120.pdb' was not found with 'AIE_1st_Year_Framework_d.lib(SpriteManager.obj)' or at 'C:\Users\bryson.au\Desktop\Pong\AIE Year1 Framework VS2013\bin\vc120.pdb'; linking object as if no debug info
     1>AIE_1st_Year_Framework_d.lib(strHandler.obj) : warning LNK4099: PDB 'vc120.pdb' was not found with 'AIE_1st_Year_Framework_d.lib(strHandler.obj)' or at 'C:\Users\bryson.au\Desktop\Pong\AIE Year1 Framework VS2013\bin\vc120.pdb'; linking object as if no debug info
     1>AIE_1st_Year_Framework_d.lib(Texture.obj) : warning LNK4099: PDB 'vc120.pdb' was not found with 'AIE_1st_Year_Framework_d.lib(Texture.obj)' or at 'C:\Users\bryson.au\Desktop\Pong\AIE Year1 Framework VS2013\bin\vc120.pdb'; linking object as if no debug info
     1>AIE_1st_Year_Framework_d.lib(TextureManager.obj) : warning LNK4099: PDB 'vc120.pdb' was not found with 'AIE_1st_Year_Framework_d.lib(TextureManager.obj)' or at 'C:\Users\bryson.au\Desktop\Pong\AIE Year1 Framework VS2013\bin\vc120.pdb'; linking object as if no debug info
     1>AIE_1st_Year_Framework_d.lib(Utilities.obj) : warning LNK4099: PDB 'vc120.pdb' was not found with 'AIE_1st_Year_Framework_d.lib(Utilities.obj)' or at 'C:\Users\bryson.au\Desktop\Pong\AIE Year1 Framework VS2013\bin\vc120.pdb'; linking object as if no debug info
     1>AIE_1st_Year_Framework_d.lib(glew.obj) : warning LNK4099: PDB 'vc100.pdb' was not found with 'AIE_1st_Year_Framework_d.lib(glew.obj)' or at 'C:\Users\bryson.au\Desktop\Pong\AIE Year1 Framework VS2013\bin\vc100.pdb'; linking object as if no debug info
         AIE Template.vcxproj -> C:\Users\bryson.au\Desktop\Pong\AIE Year1 Framework VS2013\bin\AIE Template_d.exe
     1>Done Building Project "C:\Users\bryson.au\Desktop\Pong\AIE Year1 Framework VS2013\AIE Template.vcxproj" (Build target(s)).

Build succeeded.

Time Elapsed 00:00:01.54
